[INFO] [2017-07-20 17:29:17][org.springframework.context.support.ClassPathXmlApplicationContext]Refreshing org.springframework.context.support.ClassPathXmlApplicationContext@6ea6d14e: startup date [Thu Jul 20 17:29:17 CST 2017]; root of context hierarchy
  [INFO] [2017-07-20 17:29:17][org.springframework.beans.factory.xml.XmlBeanDefinitionReader]Loading XML bean definitions from class path resource [applicationContext.xml]
  [INFO] [2017-07-20 17:29:53][org.springframework.context.support.ClassPathXmlApplicationContext]Refreshing org.springframework.context.support.ClassPathXmlApplicationContext@6ea6d14e: startup date [Thu Jul 20 17:29:53 CST 2017]; root of context hierarchy
  [INFO] [2017-07-20 17:29:53][org.springframework.beans.factory.xml.XmlBeanDefinitionReader]Loading XML bean definitions from class path resource [spring-mybatis.xml]
  [ERROR] [2017-07-20 17:29:54][com.alibaba.druid.pool.DruidAbstractDataSource]maxIdle is deprecated
  [INFO] [2017-07-20 17:29:54][com.alibaba.druid.pool.DruidDataSource]{dataSource-1} inited
  [INFO] [2017-07-20 17:32:27][org.springframework.context.support.ClassPathXmlApplicationContext]Refreshing org.springframework.context.support.ClassPathXmlApplicationContext@6ea6d14e: startup date [Thu Jul 20 17:32:27 CST 2017]; root of context hierarchy
  [INFO] [2017-07-20 17:32:27][org.springframework.beans.factory.xml.XmlBeanDefinitionReader]Loading XML bean definitions from class path resource [spring-mybatis.xml]
  [ERROR] [2017-07-20 17:32:28][com.alibaba.druid.pool.DruidAbstractDataSource]maxIdle is deprecated
  [INFO] [2017-07-20 17:32:28][com.alibaba.druid.pool.DruidDataSource]{dataSource-1} inited
  [INFO] [2017-07-20 17:33:33][org.springframework.context.support.ClassPathXmlApplicationContext]Refreshing org.springframework.context.support.ClassPathXmlApplicationContext@6ea6d14e: startup date [Thu Jul 20 17:33:33 CST 2017]; root of context hierarchy
  [INFO] [2017-07-20 17:33:33][org.springframework.beans.factory.xml.XmlBeanDefinitionReader]Loading XML bean definitions from class path resource [spring-mybatis.xml]
  [ERROR] [2017-07-20 17:33:33][com.alibaba.druid.pool.DruidAbstractDataSource]maxIdle is deprecated
  [INFO] [2017-07-20 17:33:34][com.alibaba.druid.pool.DruidDataSource]{dataSource-1} inited
  [INFO] [2017-07-20 17:34:28][org.springframework.context.support.ClassPathXmlApplicationContext]Refreshing org.springframework.context.support.ClassPathXmlApplicationContext@6ea6d14e: startup date [Thu Jul 20 17:34:28 CST 2017]; root of context hierarchy
  [INFO] [2017-07-20 17:34:28][org.springframework.beans.factory.xml.XmlBeanDefinitionReader]Loading XML bean definitions from class path resource [spring-mybatis.xml]
  [ERROR] [2017-07-20 17:34:29][com.alibaba.druid.pool.DruidAbstractDataSource]maxIdle is deprecated
  [INFO] [2017-07-20 17:34:30][com.alibaba.druid.pool.DruidDataSource]{dataSource-1} inited
  [INFO] [2017-07-20 18:14:19][org.springframework.context.support.ClassPathXmlApplicationContext]Refreshing org.springframework.context.support.ClassPathXmlApplicationContext@6ea6d14e: startup date [Thu Jul 20 18:14:19 CST 2017]; root of context hierarchy
  [INFO] [2017-07-20 18:14:19][org.springframework.beans.factory.xml.XmlBeanDefinitionReader]Loading XML bean definitions from class path resource [spring-mybatis.xml]
  [ERROR] [2017-07-20 18:14:20][com.alibaba.druid.pool.DruidAbstractDataSource]maxIdle is deprecated
  [WARN] [2017-07-20 18:14:20][org.springframework.context.support.ClassPathXmlApplicationContext]Exception encountered during context initialization - cancelling refresh attempt: org.springframework.beans.factory.UnsatisfiedDependencyException: Error creating bean with name 'userService': Unsatisfied dependency expressed through field 'userDao'; nested exception is org.springframework.beans.factory.BeanCreationException: Error creating bean with name 'userMapper' defined in file [D:\Demo\FrameWork\SSM\target\classes\com\zhangxf\dao\UserMapper.class]: Cannot resolve reference to bean 'sqlSessionFactory' while setting bean property 'sqlSessionFactory'; nested exception is org.springframework.beans.factory.BeanCreationException: Error creating bean with name 'sqlSessionFactory' defined in class path resource [spring-mybatis.xml]: Invocation of init method failed; nested exception is org.springframework.core.NestedIOException: Failed to parse mapping resource: 'class path resource [com/zhangxf/mapping/UserMapper.xml]'; nested exception is org.apache.ibatis.builder.BuilderException: Error parsing Mapper XML. Cause: java.lang.IllegalArgumentException: Result Maps collection already contains value for com.zhangxf.dao.UserMapper.BaseResultMap
  [INFO] [2017-07-20 18:15:22][org.springframework.context.support.ClassPathXmlApplicationContext]Refreshing org.springframework.context.support.ClassPathXmlApplicationContext@6ea6d14e: startup date [Thu Jul 20 18:15:22 CST 2017]; root of context hierarchy
  [INFO] [2017-07-20 18:15:22][org.springframework.beans.factory.xml.XmlBeanDefinitionReader]Loading XML bean definitions from class path resource [spring-mybatis.xml]
  [ERROR] [2017-07-20 18:15:23][com.alibaba.druid.pool.DruidAbstractDataSource]maxIdle is deprecated
  [WARN] [2017-07-20 18:15:23][org.springframework.context.support.ClassPathXmlApplicationContext]Exception encountered during context initialization - cancelling refresh attempt: org.springframework.beans.factory.UnsatisfiedDependencyException: Error creating bean with name 'userService': Unsatisfied dependency expressed through field 'userDao'; nested exception is org.springframework.beans.factory.BeanCreationException: Error creating bean with name 'userMapper' defined in file [D:\Demo\FrameWork\SSM\target\classes\com\zhangxf\dao\UserMapper.class]: Cannot resolve reference to bean 'sqlSessionFactory' while setting bean property 'sqlSessionFactory'; nested exception is org.springframework.beans.factory.BeanCreationException: Error creating bean with name 'sqlSessionFactory' defined in class path resource [spring-mybatis.xml]: Invocation of init method failed; nested exception is org.springframework.core.NestedIOException: Failed to parse mapping resource: 'class path resource [com/zhangxf/mapping/UserMapper.xml]'; nested exception is org.apache.ibatis.builder.BuilderException: Error parsing Mapper XML. Cause: java.lang.IllegalArgumentException: Result Maps collection already contains value for com.zhangxf.dao.UserMapper.BaseResultMap
  [INFO] [2017-07-20 18:27:57][org.springframework.context.support.ClassPathXmlApplicationContext]Refreshing org.springframework.context.support.ClassPathXmlApplicationContext@6ea6d14e: startup date [Thu Jul 20 18:27:57 CST 2017]; root of context hierarchy
  [INFO] [2017-07-20 18:27:57][org.springframework.beans.factory.xml.XmlBeanDefinitionReader]Loading XML bean definitions from class path resource [spring-mybatis.xml]
  [ERROR] [2017-07-20 18:27:58][com.alibaba.druid.pool.DruidAbstractDataSource]maxIdle is deprecated
  [WARN] [2017-07-20 18:27:58][org.springframework.context.support.ClassPathXmlApplicationContext]Exception encountered during context initialization - cancelling refresh attempt: org.springframework.beans.factory.UnsatisfiedDependencyException: Error creating bean with name 'userService': Unsatisfied dependency expressed through field 'userDao'; nested exception is org.springframework.beans.factory.BeanCreationException: Error creating bean with name 'userMapper' defined in file [D:\Demo\FrameWork\SSM\target\classes\com\zhangxf\dao\UserMapper.class]: Cannot resolve reference to bean 'sqlSessionFactory' while setting bean property 'sqlSessionFactory'; nested exception is org.springframework.beans.factory.BeanCreationException: Error creating bean with name 'sqlSessionFactory' defined in class path resource [spring-mybatis.xml]: Invocation of init method failed; nested exception is org.springframework.core.NestedIOException: Failed to parse mapping resource: 'class path resource [com/zhangxf/mapping/UserMapper.xml]'; nested exception is org.apache.ibatis.builder.BuilderException: Error parsing Mapper XML. Cause: java.lang.IllegalArgumentException: Result Maps collection already contains value for com.zhangxf.dao.UserMapper.BaseResultMap
  [INFO] [2017-07-20 18:34:21][org.springframework.context.support.ClassPathXmlApplicationContext]Refreshing org.springframework.context.support.ClassPathXmlApplicationContext@6ea6d14e: startup date [Thu Jul 20 18:34:21 CST 2017]; root of context hierarchy
  [INFO] [2017-07-20 18:34:21][org.springframework.beans.factory.xml.XmlBeanDefinitionReader]Loading XML bean definitions from class path resource [spring-mybatis.xml]
  [ERROR] [2017-07-20 18:34:22][com.alibaba.druid.pool.DruidAbstractDataSource]maxIdle is deprecated
  [WARN] [2017-07-20 18:34:22][org.springframework.context.support.ClassPathXmlApplicationContext]Exception encountered during context initialization - cancelling refresh attempt: org.springframework.beans.factory.UnsatisfiedDependencyException: Error creating bean with name 'userService': Unsatisfied dependency expressed through field 'userDao'; nested exception is org.springframework.beans.factory.BeanCreationException: Error creating bean with name 'userMapper' defined in file [D:\Demo\FrameWork\SSM\target\classes\com\zhangxf\dao\UserMapper.class]: Cannot resolve reference to bean 'sqlSessionFactory' while setting bean property 'sqlSessionFactory'; nested exception is org.springframework.beans.factory.BeanCreationException: Error creating bean with name 'sqlSessionFactory' defined in class path resource [spring-mybatis.xml]: Invocation of init method failed; nested exception is org.springframework.core.NestedIOException: Failed to parse mapping resource: 'class path resource [com/zhangxf/mapping/UserMapper.xml]'; nested exception is org.apache.ibatis.builder.BuilderException: Error parsing Mapper XML. Cause: java.lang.IllegalArgumentException: Result Maps collection already contains value for com.zhangxf.dao.UserMapper.BaseResultMap
  [INFO] [2017-07-20 18:37:47][org.springframework.context.support.ClassPathXmlApplicationContext]Refreshing org.springframework.context.support.ClassPathXmlApplicationContext@6ea6d14e: startup date [Thu Jul 20 18:37:47 CST 2017]; root of context hierarchy
  [INFO] [2017-07-20 18:37:47][org.springframework.beans.factory.xml.XmlBeanDefinitionReader]Loading XML bean definitions from class path resource [spring-mybatis.xml]
  [ERROR] [2017-07-20 18:37:48][com.alibaba.druid.pool.DruidAbstractDataSource]maxIdle is deprecated
  [INFO] [2017-07-20 18:37:48][com.alibaba.druid.pool.DruidDataSource]{dataSource-1} inited
  [INFO] [2017-07-20 19:51:14][org.springframework.context.support.ClassPathXmlApplicationContext]Refreshing org.springframework.context.support.ClassPathXmlApplicationContext@6be46e8f: startup date [Thu Jul 20 19:51:14 CST 2017]; root of context hierarchy
  [INFO] [2017-07-20 19:51:14][org.springframework.beans.factory.xml.XmlBeanDefinitionReader]Loading XML bean definitions from class path resource [spring-mybatis.xml]
  [ERROR] [2017-07-20 19:51:14][com.alibaba.druid.pool.DruidAbstractDataSource]maxIdle is deprecated
  [INFO] [2017-07-20 19:51:15][com.alibaba.druid.pool.DruidDataSource]{dataSource-1} inited
  [INFO] [2017-07-20 20:03:31][org.springframework.context.support.ClassPathXmlApplicationContext]Refreshing org.springframework.context.support.ClassPathXmlApplicationContext@6be46e8f: startup date [Thu Jul 20 20:03:31 CST 2017]; root of context hierarchy
  [INFO] [2017-07-20 20:03:31][org.springframework.beans.factory.xml.XmlBeanDefinitionReader]Loading XML bean definitions from class path resource [spring-mybatis.xml]
  [ERROR] [2017-07-20 20:03:32][com.alibaba.druid.pool.DruidAbstractDataSource]maxIdle is deprecated
  [INFO] [2017-07-20 20:03:32][com.alibaba.druid.pool.DruidDataSource]{dataSource-1} inited
  